<?xml version="1.0" encoding="UTF-8"?>
<!-- Generated by org.testng.reporters.JUnitReportReporter -->
<testsuite hostname="LAPTOP-SLURSDT2" failures="0" tests="1" name="helloworld.helloword" time="0.018" errors="0" timestamp="11 12æœˆ 2018 07:21:08 GMT" skipped="0">
  <testcase classname="helloworld.helloword" name="test" time="0.018"/>
</testsuite> <!-- helloworld.helloword -->
